0 info it worked if it ends with ok
1 verbose cli [ 'node',
1 verbose cli   '/usr/local/bin/npm',
1 verbose cli   'install',
1 verbose cli   '-g',
1 verbose cli   'yo',
1 verbose cli   'grunt-cli',
1 verbose cli   'generator-aspnet',
1 verbose cli   'bower' ]
2 info using npm@2.9.1
3 info using node@v0.12.3
4 verbose install initial load of /usr/local/lib/package.json
5 verbose readDependencies loading dependencies from /usr/local/lib/package.json
6 silly cache add args [ 'yo', null ]
7 verbose cache add spec yo
8 silly cache add args [ 'grunt-cli', null ]
9 verbose cache add spec grunt-cli
10 silly cache add args [ 'generator-aspnet', null ]
11 verbose cache add spec generator-aspnet
12 silly cache add args [ 'bower', null ]
13 verbose cache add spec bower
14 silly cache add parsed spec { raw: 'yo',
14 silly cache add   scope: null,
14 silly cache add   name: 'yo',
14 silly cache add   rawSpec: '',
14 silly cache add   spec: '*',
14 silly cache add   type: 'range' }
15 silly addNamed yo@*
16 verbose addNamed "*" is a valid semver range for yo
17 silly addNameRange { name: 'yo', range: '*', hasData: false }
18 silly mapToRegistry name yo
19 silly mapToRegistry using default registry
20 silly mapToRegistry registry https://registry.npmjs.org/
21 silly mapToRegistry uri https://registry.npmjs.org/yo
22 verbose addNameRange registry:https://registry.npmjs.org/yo not in flight; fetching
23 silly cache add parsed spec { raw: 'grunt-cli',
23 silly cache add   scope: null,
23 silly cache add   name: 'grunt-cli',
23 silly cache add   rawSpec: '',
23 silly cache add   spec: '*',
23 silly cache add   type: 'range' }
24 silly addNamed grunt-cli@*
25 verbose addNamed "*" is a valid semver range for grunt-cli
26 silly addNameRange { name: 'grunt-cli', range: '*', hasData: false }
27 silly mapToRegistry name grunt-cli
28 silly mapToRegistry using default registry
29 silly mapToRegistry registry https://registry.npmjs.org/
30 silly mapToRegistry uri https://registry.npmjs.org/grunt-cli
31 verbose addNameRange registry:https://registry.npmjs.org/grunt-cli not in flight; fetching
32 silly cache add parsed spec { raw: 'generator-aspnet',
32 silly cache add   scope: null,
32 silly cache add   name: 'generator-aspnet',
32 silly cache add   rawSpec: '',
32 silly cache add   spec: '*',
32 silly cache add   type: 'range' }
33 silly addNamed generator-aspnet@*
34 verbose addNamed "*" is a valid semver range for generator-aspnet
35 silly addNameRange { name: 'generator-aspnet', range: '*', hasData: false }
36 silly mapToRegistry name generator-aspnet
37 silly mapToRegistry using default registry
38 silly mapToRegistry registry https://registry.npmjs.org/
39 silly mapToRegistry uri https://registry.npmjs.org/generator-aspnet
40 verbose addNameRange registry:https://registry.npmjs.org/generator-aspnet not in flight; fetching
41 silly cache add parsed spec { raw: 'bower',
41 silly cache add   scope: null,
41 silly cache add   name: 'bower',
41 silly cache add   rawSpec: '',
41 silly cache add   spec: '*',
41 silly cache add   type: 'range' }
42 silly addNamed bower@*
43 verbose addNamed "*" is a valid semver range for bower
44 silly addNameRange { name: 'bower', range: '*', hasData: false }
45 silly mapToRegistry name bower
46 silly mapToRegistry using default registry
47 silly mapToRegistry registry https://registry.npmjs.org/
48 silly mapToRegistry uri https://registry.npmjs.org/bower
49 verbose addNameRange registry:https://registry.npmjs.org/bower not in flight; fetching
50 verbose request uri https://registry.npmjs.org/yo
51 verbose request no auth needed
52 info attempt registry request try #1 at 9:18:48 PM
53 verbose request id 2f86858f949de7a7
54 http request GET https://registry.npmjs.org/yo
55 verbose request uri https://registry.npmjs.org/grunt-cli
56 verbose request no auth needed
57 info attempt registry request try #1 at 9:18:48 PM
58 http request GET https://registry.npmjs.org/grunt-cli
59 verbose request uri https://registry.npmjs.org/generator-aspnet
60 verbose request no auth needed
61 info attempt registry request try #1 at 9:18:48 PM
62 http request GET https://registry.npmjs.org/generator-aspnet
63 verbose request uri https://registry.npmjs.org/bower
64 verbose request no auth needed
65 info attempt registry request try #1 at 9:18:48 PM
66 http request GET https://registry.npmjs.org/bower
67 http 200 https://registry.npmjs.org/grunt-cli
68 silly get cb [ 200,
68 silly get   { server: 'CouchDB/1.5.0 (Erlang OTP/R16B03)',
68 silly get     etag: '"9XWEZHXJ7R6NBUTIHEDOG5STX"',
68 silly get     'content-type': 'application/json',
68 silly get     'cache-control': 'max-age=60',
68 silly get     'content-length': '20867',
68 silly get     'accept-ranges': 'bytes',
68 silly get     date: 'Sun, 17 May 2015 19:18:49 GMT',
68 silly get     via: '1.1 varnish',
68 silly get     age: '1',
68 silly get     connection: 'keep-alive',
68 silly get     'x-served-by': 'cache-fra1226-FRA',
68 silly get     'x-cache': 'HIT',
68 silly get     'x-cache-hits': '1',
68 silly get     'x-timer': 'S1431890329.132136,VS0,VE0',
68 silly get     vary: 'Accept' } ]
69 verbose get saving grunt-cli to /Users/Tony/.npm/registry.npmjs.org/grunt-cli/.cache.json
70 verbose getCacheStat cache creation not in flight; initializing
71 silly addNameRange number 2 { name: 'grunt-cli', range: '*', hasData: true }
72 silly addNameRange versions [ 'grunt-cli',
72 silly addNameRange   [ '0.1.0',
72 silly addNameRange     '0.1.1',
72 silly addNameRange     '0.1.2',
72 silly addNameRange     '0.1.3',
72 silly addNameRange     '0.1.4',
72 silly addNameRange     '0.1.5',
72 silly addNameRange     '0.1.6',
72 silly addNameRange     '0.1.7',
72 silly addNameRange     '0.1.8',
72 silly addNameRange     '0.1.9',
72 silly addNameRange     '0.1.10',
72 silly addNameRange     '0.1.11',
72 silly addNameRange     '0.1.12',
72 silly addNameRange     '0.1.13' ] ]
73 silly addNamed grunt-cli@0.1.13
74 verbose addNamed "0.1.13" is a plain semver version for grunt-cli
75 silly mapToRegistry name grunt-cli
76 silly mapToRegistry using default registry
77 silly mapToRegistry registry https://registry.npmjs.org/
78 silly mapToRegistry uri https://registry.npmjs.org/grunt-cli
79 verbose addRemoteTarball https://registry.npmjs.org/grunt-cli/-/grunt-cli-0.1.13.tgz not in flight; adding
80 verbose addRemoteTarball [ 'https://registry.npmjs.org/grunt-cli/-/grunt-cli-0.1.13.tgz',
80 verbose addRemoteTarball   'e9ebc4047631f5012d922770c39378133cad10f4' ]
81 info retry fetch attempt 1 at 9:18:48 PM
82 info attempt registry request try #1 at 9:18:48 PM
83 http fetch GET https://registry.npmjs.org/grunt-cli/-/grunt-cli-0.1.13.tgz
84 http 200 https://registry.npmjs.org/bower
85 silly get cb [ 200,
85 silly get   { server: 'CouchDB/1.5.0 (Erlang OTP/R16B03)',
85 silly get     etag: '"48KE6QM39XCQTEJIB2WDR02LX"',
85 silly get     'content-type': 'application/json',
85 silly get     'cache-control': 'max-age=60',
85 silly get     'content-length': '112051',
85 silly get     'accept-ranges': 'bytes',
85 silly get     date: 'Sun, 17 May 2015 19:18:49 GMT',
85 silly get     via: '1.1 varnish',
85 silly get     age: '39',
85 silly get     connection: 'keep-alive',
85 silly get     'x-served-by': 'cache-fra1235-FRA',
85 silly get     'x-cache': 'HIT',
85 silly get     'x-cache-hits': '1',
85 silly get     'x-timer': 'S1431890329.130184,VS0,VE0',
85 silly get     vary: 'Accept' } ]
86 verbose get saving bower to /Users/Tony/.npm/registry.npmjs.org/bower/.cache.json
87 silly addNameRange number 2 { name: 'bower', range: '*', hasData: true }
88 silly addNameRange versions [ 'bower',
88 silly addNameRange   [ '0.1.0',
88 silly addNameRange     '0.1.2',
88 silly addNameRange     '0.1.3',
88 silly addNameRange     '0.2.0',
88 silly addNameRange     '0.3.0',
88 silly addNameRange     '0.3.1',
88 silly addNameRange     '0.3.2',
88 silly addNameRange     '0.4.0',
88 silly addNameRange     '0.5.0',
88 silly addNameRange     '0.5.1',
88 silly addNameRange     '0.6.0',
88 silly addNameRange     '0.6.1',
88 silly addNameRange     '0.6.2',
88 silly addNameRange     '0.6.3',
88 silly addNameRange     '0.6.4',
88 silly addNameRange     '0.6.5',
88 silly addNameRange     '0.6.6',
88 silly addNameRange     '0.6.7',
88 silly addNameRange     '0.6.8',
88 silly addNameRange     '0.7.0',
88 silly addNameRange     '0.7.1',
88 silly addNameRange     '0.8.0',
88 silly addNameRange     '0.8.1',
88 silly addNameRange     '0.8.2',
88 silly addNameRange     '0.8.3',
88 silly addNameRange     '0.8.4',
88 silly addNameRange     '0.8.5',
88 silly addNameRange     '0.8.6',
88 silly addNameRange     '0.9.0',
88 silly addNameRange     '0.9.1',
88 silly addNameRange     '0.9.2',
88 silly addNameRange     '0.10.0',
88 silly addNameRange     '1.0.0',
88 silly addNameRange     '1.0.1',
88 silly addNameRange     '1.0.2',
88 silly addNameRange     '1.0.3',
88 silly addNameRange     '1.1.0',
88 silly addNameRange     '1.1.1',
88 silly addNameRange     '1.1.2',
88 silly addNameRange     '1.2.0',
88 silly addNameRange     '1.2.1',
88 silly addNameRange     '1.2.2',
88 silly addNameRange     '1.2.3',
88 silly addNameRange     '1.2.4',
88 silly addNameRange     '1.2.5',
88 silly addNameRange     '1.2.6',
88 silly addNameRange     '1.2.7',
88 silly addNameRange     '1.2.8',
88 silly addNameRange     '1.3.0',
88 silly addNameRange     '1.3.1',
88 silly addNameRange     '1.3.2',
88 silly addNameRange     '1.3.3',
88 silly addNameRange     '1.3.4',
88 silly addNameRange     '1.3.5',
88 silly addNameRange     '1.3.6',
88 silly addNameRange     '1.3.7',
88 silly addNameRange     '1.3.8',
88 silly addNameRange     '1.3.9',
88 silly addNameRange     '1.3.10',
88 silly addNameRange     '1.3.11',
88 silly addNameRange     '1.3.12',
88 silly addNameRange     '1.4.0',
88 silly addNameRange     '1.4.1' ] ]
89 silly addNamed bower@1.4.1
90 verbose addNamed "1.4.1" is a plain semver version for bower
91 silly mapToRegistry name bower
92 silly mapToRegistry using default registry
93 silly mapToRegistry registry https://registry.npmjs.org/
94 silly mapToRegistry uri https://registry.npmjs.org/bower
95 verbose addRemoteTarball https://registry.npmjs.org/bower/-/bower-1.4.1.tgz not in flight; adding
96 verbose addRemoteTarball [ 'https://registry.npmjs.org/bower/-/bower-1.4.1.tgz',
96 verbose addRemoteTarball   'a18be39d030792754f30f1c5b32d37b0156ba8dd' ]
97 info retry fetch attempt 1 at 9:18:48 PM
98 info attempt registry request try #1 at 9:18:48 PM
99 http fetch GET https://registry.npmjs.org/bower/-/bower-1.4.1.tgz
100 http 200 https://registry.npmjs.org/yo
101 silly get cb [ 200,
101 silly get   { server: 'CouchDB/1.5.0 (Erlang OTP/R16B03)',
101 silly get     etag: '"7RA75VJLP1YR9U9FI7O0TZOE4"',
101 silly get     'content-type': 'application/json',
101 silly get     'cache-control': 'max-age=60',
101 silly get     'content-length': '31150',
101 silly get     'accept-ranges': 'bytes',
101 silly get     date: 'Sun, 17 May 2015 19:18:49 GMT',
101 silly get     via: '1.1 varnish',
101 silly get     age: '0',
101 silly get     connection: 'keep-alive',
101 silly get     'x-served-by': 'cache-fra1234-FRA',
101 silly get     'x-cache': 'HIT',
101 silly get     'x-cache-hits': '1',
101 silly get     'x-timer': 'S1431890329.130977,VS0,VE106',
101 silly get     vary: 'Accept' } ]
102 verbose get saving yo to /Users/Tony/.npm/registry.npmjs.org/yo/.cache.json
103 silly addNameRange number 2 { name: 'yo', range: '*', hasData: true }
104 silly addNameRange versions [ 'yo',
104 silly addNameRange   [ '1.1.0',
104 silly addNameRange     '1.1.1',
104 silly addNameRange     '1.1.2',
104 silly addNameRange     '1.2.0',
104 silly addNameRange     '1.2.1',
104 silly addNameRange     '1.3.0',
104 silly addNameRange     '1.3.2',
104 silly addNameRange     '1.3.3',
104 silly addNameRange     '1.4.1',
104 silly addNameRange     '1.4.2',
104 silly addNameRange     '1.4.4',
104 silly addNameRange     '1.4.5',
104 silly addNameRange     '1.4.6' ] ]
105 silly addNamed yo@1.4.6
106 verbose addNamed "1.4.6" is a plain semver version for yo
107 silly mapToRegistry name yo
108 silly mapToRegistry using default registry
109 silly mapToRegistry registry https://registry.npmjs.org/
110 silly mapToRegistry uri https://registry.npmjs.org/yo
111 verbose addRemoteTarball https://registry.npmjs.org/yo/-/yo-1.4.6.tgz not in flight; adding
112 verbose addRemoteTarball [ 'https://registry.npmjs.org/yo/-/yo-1.4.6.tgz',
112 verbose addRemoteTarball   '16e03e9af7be4805ef6142cdbb1d15f33504b37b' ]
113 info retry fetch attempt 1 at 9:18:48 PM
114 info attempt registry request try #1 at 9:18:48 PM
115 http fetch GET https://registry.npmjs.org/yo/-/yo-1.4.6.tgz
116 http fetch 200 https://registry.npmjs.org/grunt-cli/-/grunt-cli-0.1.13.tgz
117 silly fetchAndShaCheck shasum e9ebc4047631f5012d922770c39378133cad10f4
118 verbose addTmpTarball /var/folders/yj/tts48v_n1h7379167td7yym80000gn/T/npm-11001-5e33fb6e/registry.npmjs.org/grunt-cli/-/grunt-cli-0.1.13.tgz not in flight; adding
119 verbose addTmpTarball already have metadata; skipping unpack for grunt-cli@0.1.13
120 silly cache afterAdd grunt-cli@0.1.13
121 verbose afterAdd /Users/Tony/.npm/grunt-cli/0.1.13/package/package.json not in flight; writing
122 verbose afterAdd /Users/Tony/.npm/grunt-cli/0.1.13/package/package.json written
123 http 200 https://registry.npmjs.org/generator-aspnet
124 silly get cb [ 200,
124 silly get   { server: 'CouchDB/1.5.0 (Erlang OTP/R16B03)',
124 silly get     etag: '"3QPDGYN7A7EZL2VQH7TEHFNJ4"',
124 silly get     'content-type': 'application/json',
124 silly get     'cache-control': 'max-age=60',
124 silly get     'content-length': '55592',
124 silly get     'accept-ranges': 'bytes',
124 silly get     date: 'Sun, 17 May 2015 19:18:49 GMT',
124 silly get     via: '1.1 varnish',
124 silly get     age: '0',
124 silly get     connection: 'keep-alive',
124 silly get     'x-served-by': 'cache-fra1246-FRA',
124 silly get     'x-cache': 'MISS',
124 silly get     'x-cache-hits': '0',
124 silly get     'x-timer': 'S1431890329.131698,VS0,VE105',
124 silly get     vary: 'Accept' } ]
125 verbose get saving generator-aspnet to /Users/Tony/.npm/registry.npmjs.org/generator-aspnet/.cache.json
126 silly addNameRange number 2 { name: 'generator-aspnet', range: '*', hasData: true }
127 silly addNameRange versions [ 'generator-aspnet',
127 silly addNameRange   [ '0.0.0',
127 silly addNameRange     '0.0.1',
127 silly addNameRange     '0.0.2',
127 silly addNameRange     '0.0.4',
127 silly addNameRange     '0.0.5',
127 silly addNameRange     '0.0.6',
127 silly addNameRange     '0.0.7',
127 silly addNameRange     '0.0.8',
127 silly addNameRange     '0.0.9',
127 silly addNameRange     '0.0.10',
127 silly addNameRange     '0.0.11',
127 silly addNameRange     '0.0.12',
127 silly addNameRange     '0.0.13',
127 silly addNameRange     '0.0.14',
127 silly addNameRange     '0.0.18',
127 silly addNameRange     '0.0.19',
127 silly addNameRange     '0.0.20',
127 silly addNameRange     '0.0.21',
127 silly addNameRange     '0.0.22',
127 silly addNameRange     '0.0.23',
127 silly addNameRange     '0.0.24',
127 silly addNameRange     '0.0.25',
127 silly addNameRange     '0.0.26',
127 silly addNameRange     '0.0.27',
127 silly addNameRange     '0.0.28',
127 silly addNameRange     '0.0.29',
127 silly addNameRange     '0.0.30',
127 silly addNameRange     '0.0.31',
127 silly addNameRange     '0.0.32',
127 silly addNameRange     '0.0.33',
127 silly addNameRange     '0.0.34' ] ]
128 silly addNamed generator-aspnet@0.0.34
129 verbose addNamed "0.0.34" is a plain semver version for generator-aspnet
130 silly mapToRegistry name generator-aspnet
131 silly mapToRegistry using default registry
132 silly mapToRegistry registry https://registry.npmjs.org/
133 silly mapToRegistry uri https://registry.npmjs.org/generator-aspnet
134 verbose addRemoteTarball https://registry.npmjs.org/generator-aspnet/-/generator-aspnet-0.0.34.tgz not in flight; adding
135 verbose addRemoteTarball [ 'https://registry.npmjs.org/generator-aspnet/-/generator-aspnet-0.0.34.tgz',
135 verbose addRemoteTarball   '606775624729013184a3812627bafa62940eec2b' ]
136 info retry fetch attempt 1 at 9:18:48 PM
137 info attempt registry request try #1 at 9:18:48 PM
138 http fetch GET https://registry.npmjs.org/generator-aspnet/-/generator-aspnet-0.0.34.tgz
139 http fetch 200 https://registry.npmjs.org/bower/-/bower-1.4.1.tgz
140 http fetch 200 https://registry.npmjs.org/yo/-/yo-1.4.6.tgz
141 silly fetchAndShaCheck shasum 16e03e9af7be4805ef6142cdbb1d15f33504b37b
142 verbose addTmpTarball /var/folders/yj/tts48v_n1h7379167td7yym80000gn/T/npm-11001-5e33fb6e/registry.npmjs.org/yo/-/yo-1.4.6.tgz not in flight; adding
143 verbose addTmpTarball already have metadata; skipping unpack for yo@1.4.6
144 silly cache afterAdd yo@1.4.6
145 verbose afterAdd /Users/Tony/.npm/yo/1.4.6/package/package.json not in flight; writing
146 verbose afterAdd /Users/Tony/.npm/yo/1.4.6/package/package.json written
147 silly fetchAndShaCheck shasum a18be39d030792754f30f1c5b32d37b0156ba8dd
148 http fetch 200 https://registry.npmjs.org/generator-aspnet/-/generator-aspnet-0.0.34.tgz
149 verbose addTmpTarball /var/folders/yj/tts48v_n1h7379167td7yym80000gn/T/npm-11001-5e33fb6e/registry.npmjs.org/bower/-/bower-1.4.1.tgz not in flight; adding
150 verbose addTmpTarball already have metadata; skipping unpack for bower@1.4.1
151 silly cache afterAdd bower@1.4.1
152 verbose afterAdd /Users/Tony/.npm/bower/1.4.1/package/package.json not in flight; writing
153 verbose afterAdd /Users/Tony/.npm/bower/1.4.1/package/package.json written
154 silly fetchAndShaCheck shasum 606775624729013184a3812627bafa62940eec2b
155 verbose addTmpTarball /var/folders/yj/tts48v_n1h7379167td7yym80000gn/T/npm-11001-5e33fb6e/registry.npmjs.org/generator-aspnet/-/generator-aspnet-0.0.34.tgz not in flight; adding
156 verbose addTmpTarball already have metadata; skipping unpack for generator-aspnet@0.0.34
157 silly cache afterAdd generator-aspnet@0.0.34
158 verbose afterAdd /Users/Tony/.npm/generator-aspnet/0.0.34/package/package.json not in flight; writing
159 verbose afterAdd /Users/Tony/.npm/generator-aspnet/0.0.34/package/package.json written
160 silly install resolved [ { name: 'grunt-cli',
160 silly install resolved     description: 'The grunt command line interface.',
160 silly install resolved     version: '0.1.13',
160 silly install resolved     author: { name: 'Grunt Team' },
160 silly install resolved     homepage: 'http://gruntjs.com/',
160 silly install resolved     repository: { type: 'git', url: 'git://github.com/gruntjs/grunt-cli.git' },
160 silly install resolved     bugs: { url: 'http://github.com/gruntjs/grunt-cli/issues' },
160 silly install resolved     licenses: [ [Object] ],
160 silly install resolved     bin: { grunt: 'bin/grunt' },
160 silly install resolved     engines: { node: '>= 0.8.0' },
160 silly install resolved     scripts: { test: 'node bin/grunt test' },
160 silly install resolved     preferGlobal: true,
160 silly install resolved     dependencies: { nopt: '~1.0.10', 'findup-sync': '~0.1.0', resolve: '~0.3.1' },
160 silly install resolved     devDependencies: { grunt: '~0.4.0', 'grunt-contrib-jshint': '~0.2.0' },
160 silly install resolved     contributors: [ [Object], [Object], [Object], [Object] ],
160 silly install resolved     _id: 'grunt-cli@0.1.13',
160 silly install resolved     dist:
160 silly install resolved      { shasum: 'e9ebc4047631f5012d922770c39378133cad10f4',
160 silly install resolved        tarball: 'http://registry.npmjs.org/grunt-cli/-/grunt-cli-0.1.13.tgz' },
160 silly install resolved     _from: 'grunt-cli@*',
160 silly install resolved     _npmVersion: '1.3.24',
160 silly install resolved     _npmUser: { name: 'tkellen', email: 'tyler@sleekcode.net' },
160 silly install resolved     maintainers: [ [Object] ],
160 silly install resolved     directories: {},
160 silly install resolved     _shasum: 'e9ebc4047631f5012d922770c39378133cad10f4',
160 silly install resolved     _resolved: 'https://registry.npmjs.org/grunt-cli/-/grunt-cli-0.1.13.tgz' },
160 silly install resolved   { name: 'yo',
160 silly install resolved     version: '1.4.6',
160 silly install resolved     description: 'CLI tool for running Yeoman generators',
160 silly install resolved     license: 'BSD',
160 silly install resolved     bin: { yo: 'lib/cli.js' },
160 silly install resolved     author: { name: 'Yeoman team' },
160 silly install resolved     repository: { type: 'git', url: 'https://github.com/yeoman/yo' },
160 silly install resolved     engines: { node: '>=0.10.0', npm: '>=2.1.0' },
160 silly install resolved     scripts:
160 silly install resolved      { test: 'jshint . && mocha test/**/*.js',
160 silly install resolved        postinstall: 'yodoctor',
160 silly install resolved        postupdate: 'yodoctor',
160 silly install resolved        prepublish: 'nsp audit-package' },
160 silly install resolved     files: [ 'lib' ],
160 silly install resolved     keywords:
160 silly install resolved      [ 'cli-app',
160 silly install resolved        'cli',
160 silly install resolved        'bin',
160 silly install resolved        'front-end',
160 silly install resolved        'development',
160 silly install resolved        'dev',
160 silly install resolved        'build',
160 silly install resolved        'web',
160 silly install resolved        'tool',
160 silly install resolved        'scaffold',
160 silly install resolved        'stack',
160 silly install resolved        'yeoman',
160 silly install resolved        'generator',
160 silly install resolved        'generate',
160 silly install resolved        'app',
160 silly install resolved        'boilerplate' ],
160 silly install resolved     dependencies:
160 silly install resolved      { 'array-uniq': '^1.0.2',
160 silly install resolved        async: '^0.9.0',
160 silly install resolved        chalk: '^1.0.0',
160 silly install resolved        configstore: '^0.3.1',
160 silly install resolved        'cross-spawn': '^0.2.3',
160 silly install resolved        figures: '^1.3.5',
160 silly install resolved        findup: '^0.1.5',
160 silly install resolved        fullname: '^1.0.0',
160 silly install resolved        got: '^2.4.0',
160 silly install resolved        'humanize-string': '^1.0.0',
160 silly install resolved        inquirer: '^0.8.0',
160 silly install resolved        insight: '^0.5.0',
160 silly install resolved        lodash: '^3.2.0',
160 silly install resolved        meow: '^3.0.0',
160 silly install resolved        'npm-keyword': '^1.1.1',
160 silly install resolved        opn: '^1.0.0',
160 silly install resolved        'package-json': '^1.1.0',
160 silly install resolved        'root-check': '^1.0.0',
160 silly install resolved        'sort-on': '^1.0.0',
160 silly install resolved        'string-length': '^1.0.0',
160 silly install resolved        titleize: '^1.0.0',
160 silly install resolved        'update-notifier': '^0.3.0',
160 silly install resolved        'user-home': '^1.1.0',
160 silly install resolved        'yeoman-character': '^1.0.0',
160 silly install resolved        'yeoman-doctor': '^1.0.0',
160 silly install resolved        'yeoman-environment': '^1.0.1',
160 silly install resolved        yosay: '^1.0.0' },
160 silly install resolved     devDependencies:
160 silly install resolved      { jshint: '^2.5.11',
160 silly install resolved        mocha: '^2.1.0',
160 silly install resolved        mockery: '^1.4.0',
160 silly install resolved        nock: '^0.59.1',
160 silly install resolved        nsp: '*',
160 silly install resolved        proxyquire: '^1.0.1',
160 silly install resolved        'registry-url': '^3.0.0',
160 silly install resolved        sinon: '^1.12.1' },
160 silly install resolved     preferGlobal: true,
160 silly install resolved     gitHead: '987fe12a608e7b6318c2563a6140583e796d9db5',
160 silly install resolved     bugs: { url: 'https://github.com/yeoman/yo/issues' },
160 silly install resolved     homepage: 'https://github.com/yeoman/yo',
160 silly install resolved     _id: 'yo@1.4.6',
160 silly install resolved     _shasum: '16e03e9af7be4805ef6142cdbb1d15f33504b37b',
160 silly install resolved     _from: 'yo@*',
160 silly install resolved     _npmVersion: '1.4.28',
160 silly install resolved     _npmUser: { name: 'sindresorhus', email: 'sindresorhus@gmail.com' },
160 silly install resolved     maintainers: [ [Object], [Object], [Object], [Object], [Object], [Object] ],
160 silly install resolved     dist:
160 silly install resolved      { shasum: '16e03e9af7be4805ef6142cdbb1d15f33504b37b',
160 silly install resolved        tarball: 'http://registry.npmjs.org/yo/-/yo-1.4.6.tgz' },
160 silly install resolved     directories: {},
160 silly install resolved     _resolved: 'https://registry.npmjs.org/yo/-/yo-1.4.6.tgz' },
160 silly install resolved   { name: 'bower',
160 silly install resolved     version: '1.4.1',
160 silly install resolved     description: 'The browser package manager',
160 silly install resolved     author: { name: 'Twitter' },
160 silly install resolved     licenses: [ [Object] ],
160 silly install resolved     repository: { type: 'git', url: 'https://github.com/bower/bower' },
160 silly install resolved     main: 'lib',
160 silly install resolved     homepage: 'http://bower.io',
160 silly install resolved     engines: { node: '>=0.10.0' },
160 silly install resolved     dependencies:
160 silly install resolved      { abbrev: '^1.0.5',
160 silly install resolved        archy: '1.0.0',
160 silly install resolved        'bower-config': '^0.6.1',
160 silly install resolved        'bower-endpoint-parser': '^0.2.2',
160 silly install resolved        'bower-json': '^0.4.0',
160 silly install resolved        'bower-logger': '^0.2.2',
160 silly install resolved        'bower-registry-client': '^0.3.0',
160 silly install resolved        cardinal: '0.4.4',
160 silly install resolved        chalk: '^1.0.0',
160 silly install resolved        chmodr: '0.1.0',
160 silly install resolved        configstore: '^0.3.2',
160 silly install resolved        'decompress-zip': '^0.1.0',
160 silly install resolved        fstream: '^1.0.3',
160 silly install resolved        'fstream-ignore': '^1.0.2',
160 silly install resolved        github: '^0.2.3',
160 silly install resolved        glob: '^4.3.2',
160 silly install resolved        'graceful-fs': '^3.0.5',
160 silly install resolved        handlebars: '^2.0.0',
160 silly install resolved        inquirer: '0.8.0',
160 silly install resolved        insight: '^0.5.0',
160 silly install resolved        'is-root': '^1.0.0',
160 silly install resolved        junk: '^1.0.0',
160 silly install resolved        lockfile: '^1.0.0',
160 silly install resolved        'lru-cache': '^2.5.0',
160 silly install resolved        mkdirp: '0.5.0',
160 silly install resolved        mout: '^0.11.0',
160 silly install resolved        nopt: '^3.0.1',
160 silly install resolved        opn: '^1.0.1',
160 silly install resolved        'p-throttler': '0.1.1',
160 silly install resolved        promptly: '0.2.0',
160 silly install resolved        q: '^1.1.2',
160 silly install resolved        request: '2.53.0',
160 silly install resolved        'request-progress': '0.3.1',
160 silly install resolved        retry: '0.6.1',
160 silly install resolved        rimraf: '^2.2.8',
160 silly install resolved        semver: '^2.3.0',
160 silly install resolved        'shell-quote': '^1.4.2',
160 silly install resolved        'stringify-object': '^1.0.0',
160 silly install resolved        'tar-fs': '^1.4.1',
160 silly install resolved        tmp: '0.0.24',
160 silly install resolved        'update-notifier': '^0.3.0',
160 silly install resolved        'user-home': '^1.1.0',
160 silly install resolved        which: '^1.0.8' },
160 silly install resolved     devDependencies:
160 silly install resolved      { chai: '^1.10.0',
160 silly install resolved        coveralls: '^2.11.2',
160 silly install resolved        'expect.js': '^0.3.1',
160 silly install resolved        grunt: '^0.4.5',
160 silly install resolved        'grunt-cli': '^0.1.13',
160 silly install resolved        'grunt-contrib-jshint': '^0.10.0',
160 silly install resolved        'grunt-contrib-watch': '^0.6.1',
160 silly install resolved        'grunt-exec': '^0.4.6',
160 silly install resolved        'grunt-simple-mocha': '^0.4.0',
160 silly install resolved        istanbul: '^0.3.5',
160 silly install resolved        'load-grunt-tasks': '^2.0.0',
160 silly install resolved        mocha: '^2.1.0',
160 silly install resolved        multiline: '^1.0.2',
160 silly install resolved        nock: '^0.56.0',
160 silly install resolved        'node-uuid': '^1.4.2',
160 silly install resolved        proxyquire: '^1.3.0',
160 silly install resolved        'spawn-sync': '^1.0.5' },
160 silly install resolved     scripts: { test: 'grunt test' },
160 silly install resolved     bin: { bower: 'bin/bower' },
160 silly install resolved     preferGlobal: true,
160 silly install resolved     gitHead: 'a1287416d40f944d58cb8f2e774e2076bfffd32f',
160 silly install resolved     bugs: { url: 'https://github.com/bower/bower/issues' },
160 silly install resolved     _id: 'bower@1.4.1',
160 silly install resolved     _shasum: 'a18be39d030792754f30f1c5b32d37b0156ba8dd',
160 silly install resolved     _from: 'bower@*',
160 silly install resolved     _npmVersion: '2.7.4',
160 silly install resolved     _nodeVersion: '0.12.0',
160 silly install resolved     _npmUser: { name: 'sheerun', email: 'sheerun@sher.pl' },
160 silly install resolved     maintainers: [ [Object], [Object], [Object], [Object], [Object], [Object] ],
160 silly install resolved     dist:
160 silly install resolved      { shasum: 'a18be39d030792754f30f1c5b32d37b0156ba8dd',
160 silly install resolved        tarball: 'http://registry.npmjs.org/bower/-/bower-1.4.1.tgz' },
160 silly install resolved     directories: {},
160 silly install resolved     _resolved: 'https://registry.npmjs.org/bower/-/bower-1.4.1.tgz' },
160 silly install resolved   { name: 'generator-aspnet',
160 silly install resolved     version: '0.0.34',
160 silly install resolved     description: 'Yeoman generator for ASP.NET 5 apps',
160 silly install resolved     license: 'Apache License 2.0',
160 silly install resolved     main: 'app/index.js',
160 silly install resolved     repository:
160 silly install resolved      { type: 'git',
160 silly install resolved        url: 'https://github.com/OmniSharp/generator-aspnet' },
160 silly install resolved     contributors: [ [Object], [Object], [Object], [Object], [Object], [Object] ],
160 silly install resolved     engines: { node: '>=0.10.0' },
160 silly install resolved     keywords: [ 'yeoman-generator', 'ASP.NET', 'aspnet', 'ASP', 'net', 'vNext' ],
160 silly install resolved     dependencies:
160 silly install resolved      { chai: '^1.10.0',
160 silly install resolved        chalk: '^1.0.0',
160 silly install resolved        uuid: '^2.0.1',
160 silly install resolved        'yeoman-generator': '^0.19.0',
160 silly install resolved        yosay: '^1.0.0' },
160 silly install resolved     devDependencies: { mocha: '^2.2.1' },
160 silly install resolved     scripts: { test: 'mocha' },
160 silly install resolved     gitHead: '7239b6640a03f2cee67f2c330aa5f575b021bf96',
160 silly install resolved     bugs: { url: 'https://github.com/OmniSharp/generator-aspnet/issues' },
160 silly install resolved     homepage: 'https://github.com/OmniSharp/generator-aspnet',
160 silly install resolved     _id: 'generator-aspnet@0.0.34',
160 silly install resolved     _shasum: '606775624729013184a3812627bafa62940eec2b',
160 silly install resolved     _from: 'generator-aspnet@*',
160 silly install resolved     _npmVersion: '1.4.28',
160 silly install resolved     _npmUser: { name: 'sayedha', email: 'sayed.hashimi@gmail.com' },
160 silly install resolved     maintainers: [ [Object], [Object] ],
160 silly install resolved     dist:
160 silly install resolved      { shasum: '606775624729013184a3812627bafa62940eec2b',
160 silly install resolved        tarball: 'http://registry.npmjs.org/generator-aspnet/-/generator-aspnet-0.0.34.tgz' },
160 silly install resolved     directories: {},
160 silly install resolved     _resolved: 'https://registry.npmjs.org/generator-aspnet/-/generator-aspnet-0.0.34.tgz' } ]
161 info install grunt-cli@0.1.13 into /usr/local/lib
162 info install yo@1.4.6 into /usr/local/lib
163 info install bower@1.4.1 into /usr/local/lib
164 info install generator-aspnet@0.0.34 into /usr/local/lib
165 info installOne grunt-cli@0.1.13
166 verbose installOne of grunt-cli to /usr/local/lib not in flight; installing
167 info installOne yo@1.4.6
168 verbose installOne of yo to /usr/local/lib not in flight; installing
169 info installOne bower@1.4.1
170 verbose installOne of bower to /usr/local/lib not in flight; installing
171 info installOne generator-aspnet@0.0.34
172 verbose installOne of generator-aspnet to /usr/local/lib not in flight; installing
173 verbose lock using /Users/Tony/.npm/_locks/grunt-cli-58f484dab06f0a30.lock for /usr/local/lib/node_modules/grunt-cli
174 verbose lock using /Users/Tony/.npm/_locks/yo-c80abb7e04f27e35.lock for /usr/local/lib/node_modules/yo
175 verbose lock using /Users/Tony/.npm/_locks/bower-e8debc5417026b57.lock for /usr/local/lib/node_modules/bower
176 verbose lock using /Users/Tony/.npm/_locks/generator-aspnet-b9cbfe278f2983cc.lock for /usr/local/lib/node_modules/generator-aspnet
177 silly install write writing grunt-cli 0.1.13 to /usr/local/lib/node_modules/grunt-cli
178 silly install write writing yo 1.4.6 to /usr/local/lib/node_modules/yo
179 silly install write writing bower 1.4.1 to /usr/local/lib/node_modules/bower
180 silly install write writing generator-aspnet 0.0.34 to /usr/local/lib/node_modules/generator-aspnet
181 verbose unbuild lib/node_modules/grunt-cli
182 silly gentlyRm /usr/local/lib/node_modules/grunt-cli is being purged from base /usr/local
183 verbose gentlyRm don't care about contents; nuking /usr/local/lib/node_modules/grunt-cli
184 verbose unbuild lib/node_modules/yo
185 verbose unbuild lib/node_modules/generator-aspnet
186 verbose unbuild lib/node_modules/bower
187 verbose tar unpack /Users/Tony/.npm/grunt-cli/0.1.13/package.tgz
188 verbose tar unpacking to /usr/local/lib/node_modules/grunt-cli
189 silly gentlyRm /usr/local/lib/node_modules/grunt-cli is being purged
190 verbose gentlyRm don't care about contents; nuking /usr/local/lib/node_modules/grunt-cli
191 silly gunzTarPerm modes [ '755', '644' ]
192 silly gentlyRm /usr/local/lib/node_modules/yo is being purged from base /usr/local
193 verbose gentlyRm don't care about contents; nuking /usr/local/lib/node_modules/yo
194 silly gentlyRm /usr/local/lib/node_modules/generator-aspnet is being purged from base /usr/local
195 verbose gentlyRm don't care about contents; nuking /usr/local/lib/node_modules/generator-aspnet
196 silly gentlyRm /usr/local/lib/node_modules/bower is being purged from base /usr/local
197 verbose gentlyRm don't care about contents; nuking /usr/local/lib/node_modules/bower
198 verbose tar unpack /Users/Tony/.npm/yo/1.4.6/package.tgz
199 verbose tar unpacking to /usr/local/lib/node_modules/yo
200 silly gentlyRm /usr/local/lib/node_modules/yo is being purged
201 verbose gentlyRm don't care about contents; nuking /usr/local/lib/node_modules/yo
202 verbose tar unpack /Users/Tony/.npm/generator-aspnet/0.0.34/package.tgz
203 verbose tar unpacking to /usr/local/lib/node_modules/generator-aspnet
204 silly gentlyRm /usr/local/lib/node_modules/generator-aspnet is being purged
205 verbose gentlyRm don't care about contents; nuking /usr/local/lib/node_modules/generator-aspnet
206 verbose tar unpack /Users/Tony/.npm/bower/1.4.1/package.tgz
207 verbose tar unpacking to /usr/local/lib/node_modules/bower
208 silly gentlyRm /usr/local/lib/node_modules/bower is being purged
209 verbose gentlyRm don't care about contents; nuking /usr/local/lib/node_modules/bower
210 silly gunzTarPerm modes [ '755', '644' ]
211 silly gunzTarPerm modes [ '755', '644' ]
212 silly gunzTarPerm modes [ '755', '644' ]
213 error tar.unpack untar error /Users/Tony/.npm/grunt-cli/0.1.13/package.tgz
214 error tar.unpack untar error /Users/Tony/.npm/yo/1.4.6/package.tgz
215 verbose unlock done using /Users/Tony/.npm/_locks/grunt-cli-58f484dab06f0a30.lock for /usr/local/lib/node_modules/grunt-cli
216 error tar.unpack untar error /Users/Tony/.npm/generator-aspnet/0.0.34/package.tgz
217 error tar.unpack untar error /Users/Tony/.npm/bower/1.4.1/package.tgz
218 verbose unlock done using /Users/Tony/.npm/_locks/yo-c80abb7e04f27e35.lock for /usr/local/lib/node_modules/yo
219 verbose unlock done using /Users/Tony/.npm/_locks/generator-aspnet-b9cbfe278f2983cc.lock for /usr/local/lib/node_modules/generator-aspnet
220 verbose unlock done using /Users/Tony/.npm/_locks/bower-e8debc5417026b57.lock for /usr/local/lib/node_modules/bower
221 verbose fstream_path /usr/local/lib/node_modules/grunt-cli
222 verbose fstream_type Directory
223 verbose fstream_class DirWriter
224 verbose stack Error: EACCES, mkdir '/usr/local/lib/node_modules/grunt-cli'
224 verbose stack     at Error (native)
225 verbose fstream_stack /usr/local/lib/node_modules/npm/node_modules/fstream/lib/dir-writer.js:36:23
225 verbose fstream_stack /usr/local/lib/node_modules/npm/node_modules/mkdirp/index.js:46:53
225 verbose fstream_stack FSReqWrap.oncomplete (fs.js:95:15)
226 verbose cwd /Users/Tony/Documents/Visual Studio Code/Setup/WebApp
227 error Darwin 14.3.0
228 error argv "node" "/usr/local/bin/npm" "install" "-g" "yo" "grunt-cli" "generator-aspnet" "bower"
229 error node v0.12.3
230 error npm  v2.9.1
231 error path /usr/local/lib/node_modules/grunt-cli
232 error code EACCES
233 error errno -13
234 error Error: EACCES, mkdir '/usr/local/lib/node_modules/grunt-cli'
234 error     at Error (native)
234 error  { [Error: EACCES, mkdir '/usr/local/lib/node_modules/grunt-cli']
234 error   errno: -13,
234 error   code: 'EACCES',
234 error   path: '/usr/local/lib/node_modules/grunt-cli',
234 error   fstream_type: 'Directory',
234 error   fstream_path: '/usr/local/lib/node_modules/grunt-cli',
234 error   fstream_class: 'DirWriter',
234 error   fstream_stack:
234 error    [ '/usr/local/lib/node_modules/npm/node_modules/fstream/lib/dir-writer.js:36:23',
234 error      '/usr/local/lib/node_modules/npm/node_modules/mkdirp/index.js:46:53',
234 error      'FSReqWrap.oncomplete (fs.js:95:15)' ] }
235 error Please try running this command again as root/Administrator.
236 verbose exit [ -13, true ]
237 verbose unbuild lib/node_modules/grunt-cli
238 silly gentlyRm /usr/local/lib/node_modules/grunt-cli is being purged from base /usr/local
239 verbose gentlyRm don't care about contents; nuking /usr/local/lib/node_modules/grunt-cli
240 verbose unbuild lib/node_modules/yo
241 silly gentlyRm /usr/local/lib/node_modules/yo is being purged from base /usr/local
242 verbose gentlyRm don't care about contents; nuking /usr/local/lib/node_modules/yo
243 verbose unbuild lib/node_modules/generator-aspnet
244 silly gentlyRm /usr/local/lib/node_modules/generator-aspnet is being purged from base /usr/local
245 verbose gentlyRm don't care about contents; nuking /usr/local/lib/node_modules/generator-aspnet
246 verbose unbuild lib/node_modules/bower
247 silly gentlyRm /usr/local/lib/node_modules/bower is being purged from base /usr/local
248 verbose gentlyRm don't care about contents; nuking /usr/local/lib/node_modules/bower
